{"numFailedTestSuites":0,"numFailedTests":0,"numPassedTestSuites":3,"numPassedTests":3,"numPendingTestSuites":0,"numPendingTests":0,"numRuntimeErrorTestSuites":0,"numTodoTests":0,"numTotalTestSuites":3,"numTotalTests":3,"openHandles":[],"snapshot":{"added":0,"didUpdate":false,"failure":false,"filesAdded":0,"filesRemoved":0,"filesRemovedList":[],"filesUnmatched":0,"filesUpdated":0,"matched":1,"total":1,"unchecked":0,"uncheckedKeysByFile":[],"unmatched":0,"updated":0},"startTime":1608137102024,"success":true,"testResults":[{"assertionResults":[{"ancestorTitles":["<Container />"],"failureMessages":[],"fullName":"<Container /> should render the container","location":null,"status":"passed","title":"should render the container"}],"endTime":1608137105286,"message":"","name":"/home/coderamos/GITHUB/TEMPLATES/boilerplate-nextjs-typescript/src/components/Container/test.tsx","startTime":1608137103559,"status":"passed","summary":""},{"assertionResults":[{"ancestorTitles":["<Heading />"],"failureMessages":[],"fullName":"<Heading /> should render the heading","location":null,"status":"passed","title":"should render the heading"}],"endTime":1608137105352,"message":"","name":"/home/coderamos/GITHUB/TEMPLATES/boilerplate-nextjs-typescript/src/components/Heading/test.tsx","startTime":1608137103555,"status":"passed","summary":""},{"assertionResults":[{"ancestorTitles":["<Home />"],"failureMessages":[],"fullName":"<Home /> should render the home","location":null,"status":"passed","title":"should render the home"}],"endTime":1608137105372,"message":"","name":"/home/coderamos/GITHUB/TEMPLATES/boilerplate-nextjs-typescript/src/pages/test.tsx","startTime":1608137103550,"status":"passed","summary":""}],"wasInterrupted":false,"coverageMap":{"/home/coderamos/GITHUB/TEMPLATES/boilerplate-nextjs-typescript/src/utils/tests/helpers.tsx":{"path":"/home/coderamos/GITHUB/TEMPLATES/boilerplate-nextjs-typescript/src/utils/tests/helpers.tsx","statementMap":{"0":{"start":{"line":6,"column":31},"end":{"line":7,"column":65}},"1":{"start":{"line":7,"column":2},"end":{"line":7,"column":65}}},"fnMap":{"0":{"name":"(anonymous_0)","decl":{"start":{"line":6,"column":31},"end":{"line":6,"column":32}},"loc":{"start":{"line":7,"column":2},"end":{"line":7,"column":65}},"line":7}},"branchMap":{},"s":{"0":3,"1":3},"f":{"0":3},"b":{},"_coverageSchema":"1a1c01bbd47fc00a2c39e90264f33305004495a9","hash":"c12a222e90ee7f7f272db0e6af02805cf1815bc0"},"/home/coderamos/GITHUB/TEMPLATES/boilerplate-nextjs-typescript/src/components/Container/index.tsx":{"path":"/home/coderamos/GITHUB/TEMPLATES/boilerplate-nextjs-typescript/src/components/Container/index.tsx","statementMap":{"0":{"start":{"line":3,"column":25},"end":{"line":12,"column":1}},"1":{"start":{"line":4,"column":19},"end":{"line":11,"column":3}}},"fnMap":{"0":{"name":"(anonymous_0)","decl":{"start":{"line":4,"column":4},"end":{"line":4,"column":5}},"loc":{"start":{"line":4,"column":19},"end":{"line":11,"column":3}},"line":4}},"branchMap":{},"s":{"0":2,"1":2},"f":{"0":2},"b":{},"_coverageSchema":"1a1c01bbd47fc00a2c39e90264f33305004495a9","hash":"49317078a78a1e39b1216c161722cab06f54b313"},"/home/coderamos/GITHUB/TEMPLATES/boilerplate-nextjs-typescript/src/components/Heading/styles.ts":{"path":"/home/coderamos/GITHUB/TEMPLATES/boilerplate-nextjs-typescript/src/components/Heading/styles.ts","statementMap":{"0":{"start":{"line":6,"column":25},"end":{"line":16,"column":1}},"1":{"start":{"line":7,"column":26},"end":{"line":15,"column":3}}},"fnMap":{"0":{"name":"(anonymous_0)","decl":{"start":{"line":7,"column":4},"end":{"line":7,"column":5}},"loc":{"start":{"line":7,"column":26},"end":{"line":15,"column":3}},"line":7}},"branchMap":{},"s":{"0":2,"1":2},"f":{"0":2},"b":{},"_coverageSchema":"1a1c01bbd47fc00a2c39e90264f33305004495a9","hash":"9df3050ff697861ed29d677dfc67494ad7063f9f"},"/home/coderamos/GITHUB/TEMPLATES/boilerplate-nextjs-typescript/src/components/Heading/index.tsx":{"path":"/home/coderamos/GITHUB/TEMPLATES/boilerplate-nextjs-typescript/src/components/Heading/index.tsx","statementMap":{"0":{"start":{"line":8,"column":16},"end":{"line":10,"column":1}},"1":{"start":{"line":9,"column":2},"end":{"line":9,"column":53}}},"fnMap":{"0":{"name":"(anonymous_0)","decl":{"start":{"line":8,"column":16},"end":{"line":8,"column":17}},"loc":{"start":{"line":9,"column":2},"end":{"line":9,"column":53}},"line":9}},"branchMap":{"0":{"loc":{"start":{"line":8,"column":29},"end":{"line":8,"column":44}},"type":"default-arg","locations":[{"start":{"line":8,"column":37},"end":{"line":8,"column":44}}],"line":8}},"s":{"0":2,"1":2},"f":{"0":2},"b":{"0":[2]},"_coverageSchema":"1a1c01bbd47fc00a2c39e90264f33305004495a9","hash":"49522354c539b5db3c2b21b238694d56989dfc6e"},"/home/coderamos/GITHUB/TEMPLATES/boilerplate-nextjs-typescript/src/pages/styles.ts":{"path":"/home/coderamos/GITHUB/TEMPLATES/boilerplate-nextjs-typescript/src/pages/styles.ts","statementMap":{"0":{"start":{"line":3,"column":23},"end":{"line":11,"column":1}},"1":{"start":{"line":4,"column":10},"end":{"line":10,"column":3}}},"fnMap":{"0":{"name":"(anonymous_0)","decl":{"start":{"line":4,"column":4},"end":{"line":4,"column":5}},"loc":{"start":{"line":4,"column":10},"end":{"line":10,"column":3}},"line":4}},"branchMap":{},"s":{"0":1,"1":1},"f":{"0":1},"b":{},"_coverageSchema":"1a1c01bbd47fc00a2c39e90264f33305004495a9","hash":"de95f4e751c4560b051b7efd75be061a12993b06"},"/home/coderamos/GITHUB/TEMPLATES/boilerplate-nextjs-typescript/src/types/jest-styled-components.d.ts":{"path":"/home/coderamos/GITHUB/TEMPLATES/boilerplate-nextjs-typescript/src/types/jest-styled-components.d.ts","statementMap":{},"fnMap":{},"branchMap":{},"s":{},"f":{},"b":{}},"/home/coderamos/GITHUB/TEMPLATES/boilerplate-nextjs-typescript/src/types/styles-components.d.ts":{"path":"/home/coderamos/GITHUB/TEMPLATES/boilerplate-nextjs-typescript/src/types/styles-components.d.ts","statementMap":{},"fnMap":{},"branchMap":{},"s":{},"f":{},"b":{}}}}